\BOOKMARK [0][-]{chapter*.2}{Preface}{}% 1
\BOOKMARK [-1][-]{part.1}{I\040Introduction}{}% 2
\BOOKMARK [0][-]{chapter.1}{What\040is\040Ecological\040Data\040Science\040&\040How\040Will\040this\040Book\040Teach\040It?}{part.1}% 3
\BOOKMARK [1][-]{section.1.1}{What\040is\040data\040science?}{chapter.1}% 4
\BOOKMARK [1][-]{section.1.2}{Goals}{chapter.1}% 5
\BOOKMARK [1][-]{section.1.3}{Approach}{chapter.1}% 6
\BOOKMARK [1][-]{section.1.4}{Requirements}{chapter.1}% 7
\BOOKMARK [1][-]{section.1.5}{Refereces}{chapter.1}% 8
\BOOKMARK [1][-]{section.1.6}{Bibliography}{chapter.1}% 9
\BOOKMARK [0][-]{chapter.2}{What\040is\040R\040and\040why\040use\040it?}{part.1}% 10
\BOOKMARK [1][-]{section.2.1}{How\040do\040we\040typically\040use\040software\040in\040science?}{chapter.2}% 11
\BOOKMARK [1][-]{section.2.2}{What\040does\040R\040do?}{chapter.2}% 12
\BOOKMARK [1][-]{section.2.3}{Why\040use\040R}{chapter.2}% 13
\BOOKMARK [1][-]{section.2.4}{Who\040uses\040it?}{chapter.2}% 14
\BOOKMARK [1][-]{section.2.5}{R\040and\040computational\040reproducibility}{chapter.2}% 15
\BOOKMARK [1][-]{section.2.6}{Alternatives\040to\040R}{chapter.2}% 16
\BOOKMARK [0][-]{chapter.3}{A\040first\040encounter\040with\040R\040&\040RStudio}{part.1}% 17
\BOOKMARK [1][-]{section*.4}{Vocabulary}{chapter.3}% 18
\BOOKMARK [1][-]{section*.5}{R\040commands}{chapter.3}% 19
\BOOKMARK [1][-]{section.3.1}{Getting\040Started\040With\040R\040and\040RStudio}{chapter.3}% 20
\BOOKMARK [1][-]{section.3.2}{Getting\040R\040onto\040your\040computer}{chapter.3}% 21
\BOOKMARK [1][-]{section.3.3}{Getting\040RStudio\040on\040to\040your\040computer}{chapter.3}% 22
\BOOKMARK [1][-]{section.3.4}{Getting\040started\040with\040R\040itself\040\(or\040not\)}{chapter.3}% 23
\BOOKMARK [1][-]{section.3.5}{Getting\040started\040with\040RStudio}{chapter.3}% 24
\BOOKMARK [1][-]{section.3.6}{Help!}{chapter.3}% 25
\BOOKMARK [1][-]{section.3.7}{Other\040features\040of\040RStudio}{chapter.3}% 26
\BOOKMARK [1][-]{section.3.8}{Practice\040\(OPTIONAL\)}{chapter.3}% 27
\BOOKMARK [0][-]{chapter.4}{The\040different\040faces\040of\040R\040code:\040The\040console,\040scripts\040&\040RMarkdown}{part.1}% 28
\BOOKMARK [1][-]{section.4.1}{The\040console}{chapter.4}% 29
\BOOKMARK [1][-]{section.4.2}{Scripts}{chapter.4}% 30
\BOOKMARK [1][-]{section.4.3}{Organizing\040scripts}{chapter.4}% 31
\BOOKMARK [1][-]{section.4.4}{RMarkdown}{chapter.4}% 32
\BOOKMARK [0][-]{chapter.5}{RMarkdown}{part.1}% 33
\BOOKMARK [1][-]{section.5.1}{The\040YAML\040Header}{chapter.5}% 34
\BOOKMARK [1][-]{section.5.2}{Word\040processing}{chapter.5}% 35
\BOOKMARK [1][-]{section.5.3}{Code\040chunks}{chapter.5}% 36
\BOOKMARK [-1][-]{part.2}{II\040Getting\040Software\040&\040Data\040Into\040R}{}% 37
\BOOKMARK [0][-]{chapter.6}{Loading\040packages\040from\040CRAN}{part.2}% 38
\BOOKMARK [1][-]{section.6.1}{Introduction}{chapter.6}% 39
\BOOKMARK [1][-]{section.6.2}{Loading\040packages\040that\040come\040with\040base\040R}{chapter.6}% 40
\BOOKMARK [1][-]{section.6.3}{Load\040data\040from\040an\040external\040R\040package}{chapter.6}% 41
\BOOKMARK [1][-]{section.6.4}{\040Downloading\040packages\040using\040RStudio}{chapter.6}% 42
\BOOKMARK [1][-]{section.6.5}{\040Packages\040&\040their\040dependencies}{chapter.6}% 43
\BOOKMARK [1][-]{section.6.6}{Challenge}{chapter.6}% 44
\BOOKMARK [0][-]{chapter.7}{Loading\040data\040into\040R\040from\040a\040package}{part.2}% 45
\BOOKMARK [1][-]{section.7.1}{Introduction}{chapter.7}% 46
\BOOKMARK [1][-]{section.7.2}{Data\040pre-loaded\040in\040R}{chapter.7}% 47
\BOOKMARK [1][-]{section.7.3}{Loading\040data\040from\040R\040packages}{chapter.7}% 48
\BOOKMARK [1][-]{section.7.4}{Learning\040about\040data\040in\040R}{chapter.7}% 49
\BOOKMARK [1][-]{section.7.5}{Load\040data\040from\040an\040external\040R\040package}{chapter.7}% 50
\BOOKMARK [1][-]{section.7.6}{Loading\040data\040from\040an\040R\040script}{chapter.7}% 51
\BOOKMARK [0][-]{chapter.8}{Loading\040packages\040&\040data\040from\040GitHub}{part.2}% 52
\BOOKMARK [1][-]{section.8.1}{Introduction}{chapter.8}% 53
\BOOKMARK [1][-]{section.8.2}{\040Accessing\040GitHub\040using\040devtools}{chapter.8}% 54
\BOOKMARK [1][-]{section.8.3}{\040Downloading\040the\040wildlifeR\040package\040with\040install_github\(\)}{chapter.8}% 55
\BOOKMARK [1][-]{section.8.4}{\040The\040wildlifeR\040packge\040webiste}{chapter.8}% 56
\BOOKMARK [0][-]{chapter.9}{Loading\040data\040from\040the\040internet}{part.2}% 57
\BOOKMARK [1][-]{section.9.1}{Introduction}{chapter.9}% 58
\BOOKMARK [1][-]{section.9.2}{\040Downloading\040a\040.csv\040file\040using\040getURL\(\)}{chapter.9}% 59
\BOOKMARK [1][-]{section.9.3}{OPTIONAL:\040Plotting\040West\040Virginia\040Eagle\040Data}{chapter.9}% 60
\BOOKMARK [0][-]{chapter.10}{Loading\040data\040from\040.csv\040files\040into\040RStudio}{part.2}% 61
\BOOKMARK [1][-]{section.10.1}{Introduction}{chapter.10}% 62
\BOOKMARK [1][-]{section.10.2}{Preliminary\040step:\040download\040a\040.csv\040file}{chapter.10}% 63
\BOOKMARK [1][-]{section.10.3}{Set\040the\040working\040directory\040\(WD\)\040in\040RStudio}{chapter.10}% 64
\BOOKMARK [1][-]{section.10.4}{Check\040the\040working\040directory\040with\040getwd\(\)}{chapter.10}% 65
\BOOKMARK [1][-]{section.10.5}{Check\040for\040the\040file\040you\040downloaded\040with\040list.files\(\)}{chapter.10}% 66
\BOOKMARK [1][-]{section.10.6}{Loading\040data\040into\040R\040using\040read.csv\(\)}{chapter.10}% 67
\BOOKMARK [1][-]{section.10.7}{Optional:\040Plot\040the\040Mendley\0401998\040data}{chapter.10}% 68
\BOOKMARK [1][-]{section.10.8}{Loading\040.csv\040files\040using\040RStudio\040}{chapter.10}% 69
\BOOKMARK [1][-]{section.10.9}{Challenge}{chapter.10}% 70
\BOOKMARK [0][-]{chapter.11}{Loading\040Excel\040spreadsheets\040into\040RStudio}{part.2}% 71
\BOOKMARK [1][-]{section.11.1}{Preparing\040a\040file\040for\040loading\040into\040R}{chapter.11}% 72
\BOOKMARK [1][-]{section.11.2}{Reload\040data}{chapter.11}% 73
\BOOKMARK [-1][-]{part.3}{III\040Plotting\040data\040in\040R\040with\040ggplot2\040&\040friends}{}% 74
\BOOKMARK [0][-]{chapter.12}{Review:\040Loading\040&\040Examining\040Data\040in\040R}{part.3}% 75
\BOOKMARK [1][-]{section.12.1}{Introduction}{chapter.12}% 76
\BOOKMARK [1][-]{section.12.2}{Example\040data\040for\040plotting:\040Fisher's\040Irises}{chapter.12}% 77
\BOOKMARK [1][-]{section.12.3}{Loading\040data\040into\040R\040the\040easy\040way:\040pre-made\040data\040in\040an\040R\040Package}{chapter.12}% 78
\BOOKMARK [1][-]{section.12.4}{Load\040data\040that\040is\040in\040another\040R\040package}{chapter.12}% 79
\BOOKMARK [1][-]{section.12.5}{Load\040Data\040From\040A\040package\040On\040CRAN}{chapter.12}% 80
\BOOKMARK [1][-]{section.12.6}{Loading\040packages\040directly\040using\040code}{chapter.12}% 81
\BOOKMARK [1][-]{section.12.7}{Troubleshooting\040Package\040Downloads}{chapter.12}% 82
\BOOKMARK [0][-]{chapter.13}{Plotting\040Continous\040Data\040in\040R\040With\040ggplot2}{part.3}% 83
\BOOKMARK [1][-]{section.13.1}{Introduction}{chapter.13}% 84
\BOOKMARK [1][-]{section.13.2}{Introduction\040to\040ggplot\040using\040qplot}{chapter.13}% 85
\BOOKMARK [1][-]{section.13.3}{A\040basic\040plot\040in\040ggplot\040using\040qplot\(\)}{chapter.13}% 86
\BOOKMARK [0][-]{chapter.14}{Box\040plot\040with\040labels}{part.3}% 87
\BOOKMARK [1][-]{section.14.1}{Changing\040colors\040in\040R\040plots}{chapter.14}% 88
\BOOKMARK [1][-]{section.14.2}{Tweaking\040plots:\040changing\040the\040point\040size}{chapter.14}% 89
\BOOKMARK [1][-]{section.14.3}{Boxplot\040with\040qplot}{chapter.14}% 90
\BOOKMARK [1][-]{section.14.4}{Basic\040boxplot\040with\040colors}{chapter.14}% 91
\BOOKMARK [1][-]{section.14.5}{Basic\040boxplot\040lables}{chapter.14}% 92
\BOOKMARK [1][-]{section.14.6}{Histograms\040using\040qplot}{chapter.14}% 93
\BOOKMARK [1][-]{section.14.7}{Modifying\040histograms:\040titles\040with\040the\040main\040=\040argument}{chapter.14}% 94
\BOOKMARK [0][-]{chapter.15}{Scatterplots\040in\040R\040using\040qplot\(\)}{part.3}% 95
\BOOKMARK [1][-]{section.15.1}{Introduction}{chapter.15}% 96
\BOOKMARK [1][-]{section.15.2}{Scatterplots:\0402\040Continuous\040Variables}{chapter.15}% 97
\BOOKMARK [-1][-]{part.4}{IV\040Data\040analysis:\040a\040first\040encounter}{}% 98
\BOOKMARK [0][-]{chapter.16}{Data\040Analysis\040Encounter:\040Summary\040Statistics}{part.4}% 99
\BOOKMARK [1][-]{section.16.1}{Introduction}{chapter.16}% 100
\BOOKMARK [1][-]{section.16.2}{Preliminaries}{chapter.16}% 101
\BOOKMARK [1][-]{section.16.3}{A\0401st\040encounter\040with\040R:\040getting\040to\040know\040your\040dataframe}{chapter.16}% 102
\BOOKMARK [1][-]{section.16.4}{A\0401st\040encounter\040with\040R:\040summary\040statistics}{chapter.16}% 103
\BOOKMARK [1][-]{section.16.5}{A\0401st\040encounter\040with\040dplyr}{chapter.16}% 104
\BOOKMARK [1][-]{section.16.6}{dplyr's\040group_by\(\)\040function}{chapter.16}% 105
\BOOKMARK [1][-]{section.16.7}{OPTIONAL:\040ALternatives\040to\040dplyr}{chapter.16}% 106
\BOOKMARK [0][-]{chapter.17}{Data\040analysis\040encounter:\040Data\040exploration}{part.4}% 107
\BOOKMARK [1][-]{section.17.1}{Introduction}{chapter.17}% 108
\BOOKMARK [1][-]{section.17.2}{Data\040exploration\040plots}{chapter.17}% 109
\BOOKMARK [0][-]{chapter.18}{Data\040analysis\040case\040study\040part\040II:\040plotting\040your\040data}{part.4}% 110
\BOOKMARK [1][-]{section.18.1}{Introduction}{chapter.18}% 111
\BOOKMARK [1][-]{section.18.2}{Background:\040measures\040of\040variation}{chapter.18}% 112
\BOOKMARK [1][-]{section.18.3}{Representing\040variation\040with\040the\040SD}{chapter.18}% 113
\BOOKMARK [1][-]{section.18.4}{Refining\040plots}{chapter.18}% 114
\BOOKMARK [0][-]{chapter.19}{Data\040analysis\040case\040study\040part\040III:\040analysis\040with\040a\040t-test}{part.4}% 115
